#-----------------------------------------------------------
# Vivado v2016.1 (64-bit)
# SW Build 1538259 on Fri Apr  8 15:45:27 MDT 2016
# IP Build 1537824 on Fri Apr  8 04:28:57 MDT 2016
# Start of session at: Thu Dec 01 13:51:41 2016
# Process ID: 1192
# Current directory: F:/1___study/1___study/FPGA/The edge of the recognition/new/new/program/program/ov7725/ov7725
# Command line: vivado.exe -gui_launcher_event rodinguilauncherevent6436 F:\1___study\1___study\FPGA\The edge of the recognition\new\new\program\program\ov7725\ov7725\ov7725.xpr
# Log file: F:/1___study/1___study/FPGA/The edge of the recognition/new/new/program/program/ov7725/ov7725/vivado.log
# Journal file: F:/1___study/1___study/FPGA/The edge of the recognition/new/new/program/program/ov7725/ov7725\vivado.jou
#-----------------------------------------------------------
start_gui
open_project {F:/1___study/1___study/FPGA/The edge of the recognition/new/new/program/program/ov7725/ov7725/ov7725.xpr}
INFO: [ProjectBase 1-489] The host OS only allows 260 characters in a normal path. The project is stored in a path with more than 80 characters. If you experience issues with IP, Block Designs, or files not being found, please consider moving the project to a location with a shorter path. Alternately consider using the OS subst command to map part of the path to a drive letter.
Current project path is 'F:/1___study/1___study/FPGA/The edge of the recognition/new/new/program/program/ov7725/ov7725'
INFO: [Project 1-313] Project file moved from 'E:/Vivado/program/new/program/program/ov7725/ov7725' since last save.
Scanning sources...
Finished scanning sources
WARNING: [filemgmt 56-2] IP Repository Path: Could not find the directory 'F:/1___study/1___study/FPGA/The edge of the recognition/new/new/program/Digital-Design-Lab-master/Chapter_12/Digital_camera/files/HDL_source/IP_Catalog', nor could it be found using path 'E:/Vivado/program/new/program/Digital-Design-Lab-master/Chapter_12/Digital_camera/files/HDL_source/IP_Catalog'.
INFO: [Project 1-230] Project 'ov7725.xpr' upgraded for this version of Vivado.
INFO: [IP_Flow 19-234] Refreshing IP repositories
WARNING: [IP_Flow 19-2248] Failed to load user IP repository 'f:/1___study/1___study/FPGA/The edge of the recognition/new/new/program/Digital-Design-Lab-master/Chapter_12/Digital_camera/files/HDL_source/IP_Catalog'; Can't find the specified path.
If this directory should no longer be in your list of user repositories, go to the IP Settings dialog and remove it.
INFO: [IP_Flow 19-1700] Loaded user IP repository 'f:/1___study/1___study/FPGA/The edge of the recognition/new/new/program/program'.
WARNING: [IP_Flow 19-3656] If you move the project, the path for repository 'f:/1___study/1___study/FPGA/The edge of the recognition/new/new/program/program' may become invalid. A better location for the repostory would be in a path adjacent to the project. (Current project location is 'f:/1___study/1___study/FPGA/The edge of the recognition/new/new/program/program/ov7725/ov7725'.)
INFO: [IP_Flow 19-2313] Loaded Vivado IP repository 'E:/Xilinx/vivado/Vivado/2016.1/data/ip'.
WARNING: [IP_Flow 19-2162] IP 'blk_mem_gen_0' is locked:
* IP definition 'Block Memory Generator (8.3)' for IP 'blk_mem_gen_0' has a different revision in the IP Catalog.
Please select 'Report IP Status' from the 'Tools/Report' menu or run Tcl command 'report_ip_status' for more information.
WARNING: [IP_Flow 19-2162] IP 'clk_wiz_0' is locked:
* IP definition 'Clocking Wizard (5.2)' for IP 'clk_wiz_0' has a newer minor version in the IP Catalog.
Please select 'Report IP Status' from the 'Tools/Report' menu or run Tcl command 'report_ip_status' for more information.
WARNING: [IP_Flow 19-2162] IP 'sqrt' is locked:
* IP definition 'CORDIC (6.0)' for IP 'sqrt' has a different revision in the IP Catalog.
Please select 'Report IP Status' from the 'Tools/Report' menu or run Tcl command 'report_ip_status' for more information.
WARNING: [IP_Flow 19-2162] IP 'blk_mem_gen_1' is locked:
* IP definition 'Block Memory Generator (8.3)' for IP 'blk_mem_gen_1' has a different revision in the IP Catalog.
Please select 'Report IP Status' from the 'Tools/Report' menu or run Tcl command 'report_ip_status' for more information.
open_project: Time (s): cpu = 00:00:25 ; elapsed = 00:00:10 . Memory (MB): peak = 866.609 ; gain = 158.285
update_compile_order -fileset sources_1
set_property  ip_repo_paths  {{f:/1___study/1___study/FPGA/The edge of the recognition/new/new/program/Digital-Design-Lab-master/Chapter_12/Digital_camera/files/HDL_source/IP_Catalog} {F:/1___study/1___study/FPGA/The edge of the recognition/new/new/program/program/HDL_source} {f:/1___study/1___study/FPGA/The edge of the recognition/new/new/program/program}} [current_project]
update_ip_catalog
INFO: [IP_Flow 19-234] Refreshing IP repositories
WARNING: [IP_Flow 19-2248] Failed to load user IP repository 'f:/1___study/1___study/FPGA/The edge of the recognition/new/new/program/Digital-Design-Lab-master/Chapter_12/Digital_camera/files/HDL_source/IP_Catalog'; Can't find the specified path.
If this directory should no longer be in your list of user repositories, go to the IP Settings dialog and remove it.
WARNING: [IP_Flow 19-3685] Ignored loading user repository 'f:/1___study/1___study/FPGA/The edge of the recognition/new/new/program/program/HDL_source'. The path is contained within another repository.
INFO: [IP_Flow 19-1700] Loaded user IP repository 'f:/1___study/1___study/FPGA/The edge of the recognition/new/new/program/program'.
WARNING: [IP_Flow 19-3656] If you move the project, the path for repository 'f:/1___study/1___study/FPGA/The edge of the recognition/new/new/program/program' may become invalid. A better location for the repostory would be in a path adjacent to the project. (Current project location is 'f:/1___study/1___study/FPGA/The edge of the recognition/new/new/program/program/ov7725/ov7725'.)
open_hw
INFO: [Labtools 27-2285] Connecting to hw_server url TCP:localhost:3121
INFO: [Labtools 27-2222] Launching hw_server...
INFO: [Labtools 27-2221] Launch Output:

****** Xilinx hw_server v2016.1
  **** Build date : Apr  8 2016-16:12:32
    ** Copyright 1986-2016 Xilinx, Inc. All Rights Reserved.


connect_hw_server: Time (s): cpu = 00:00:00 ; elapsed = 00:00:07 . Memory (MB): peak = 886.645 ; gain = 0.000
disconnect_hw_server localhost:3121
connect_hw_server -url localhost:3121
INFO: [Labtools 27-2285] Connecting to hw_server url TCP:localhost:3121
current_hw_target [get_hw_targets */xilinx_tcf/Digilent/210183740666A]
set_property PARAM.FREQUENCY 15000000 [get_hw_targets */xilinx_tcf/Digilent/210183740666A]
open_hw_target
INFO: [Labtoolstcl 44-466] Opening hw_target localhost:3121/xilinx_tcf/Digilent/210183740666A
set_property PROGRAM.FILE {F:/1___study/1___study/FPGA/The edge of the recognition/new/new/program/program/ov7725/ov7725/ov7725.runs/impl_1/design_1_wrapper.bit} [lindex [get_hw_devices] 0]
current_hw_device [lindex [get_hw_devices] 0]
refresh_hw_device -update_hw_probes false [lindex [get_hw_devices] 0]
INFO: [Labtools 27-1434] Device xc7a35t (JTAG device index = 0) is programmed with a design that has no supported debug core(s) in it.
WARNING: [Labtools 27-3123] The debug hub core was not detected at User Scan Chain 1 or 3.
Resolution: 
1. Make sure the clock connected to the debug hub (dbg_hub) core is a free running clock and is active OR
2. Manually launch hw_server with -e "set xsdb-user-bscan <C_USER_SCAN_CHAIN scan_chain_number>" to detect the debug hub at User Scan Chain of 2 or 4. To determine the user scan chain setting, open the implemented design and use: get_property C_USER_SCAN_CHAIN [get_debug_cores dbg_hub].
set_property PROBES.FILE {} [lindex [get_hw_devices] 0]
set_property PROGRAM.FILE {F:/1___study/1___study/FPGA/The edge of the recognition/new/new/program/program/ov7725/ov7725/ov7725.runs/impl_1/design_1_wrapper.bit} [lindex [get_hw_devices] 0]
program_hw_devices [lindex [get_hw_devices] 0]
INFO: [Labtools 27-3164] End of startup status: HIGH
refresh_hw_device [lindex [get_hw_devices] 0]
INFO: [Labtools 27-1434] Device xc7a35t (JTAG device index = 0) is programmed with a design that has no supported debug core(s) in it.
WARNING: [Labtools 27-3123] The debug hub core was not detected at User Scan Chain 1 or 3.
Resolution: 
1. Make sure the clock connected to the debug hub (dbg_hub) core is a free running clock and is active OR
2. Manually launch hw_server with -e "set xsdb-user-bscan <C_USER_SCAN_CHAIN scan_chain_number>" to detect the debug hub at User Scan Chain of 2 or 4. To determine the user scan chain setting, open the implemented design and use: get_property C_USER_SCAN_CHAIN [get_debug_cores dbg_hub].
set_property PROBES.FILE {} [lindex [get_hw_devices] 0]
set_property PROGRAM.FILE {F:/1___study/1___study/FPGA/The edge of the recognition/new/new/program/program/ov7725/ov7725/ov7725.runs/impl_1/design_1_wrapper.bit} [lindex [get_hw_devices] 0]
program_hw_devices [lindex [get_hw_devices] 0]
INFO: [Labtools 27-3164] End of startup status: HIGH
refresh_hw_device [lindex [get_hw_devices] 0]
INFO: [Labtools 27-1434] Device xc7a35t (JTAG device index = 0) is programmed with a design that has no supported debug core(s) in it.
WARNING: [Labtools 27-3123] The debug hub core was not detected at User Scan Chain 1 or 3.
Resolution: 
1. Make sure the clock connected to the debug hub (dbg_hub) core is a free running clock and is active OR
2. Manually launch hw_server with -e "set xsdb-user-bscan <C_USER_SCAN_CHAIN scan_chain_number>" to detect the debug hub at User Scan Chain of 2 or 4. To determine the user scan chain setting, open the implemented design and use: get_property C_USER_SCAN_CHAIN [get_debug_cores dbg_hub].
set_property PROBES.FILE {} [lindex [get_hw_devices] 0]
set_property PROGRAM.FILE {F:/1___study/1___study/FPGA/The edge of the recognition/new/new/program/program/ov7725/ov7725/ov7725.runs/impl_1/design_1_wrapper.bit} [lindex [get_hw_devices] 0]
program_hw_devices [lindex [get_hw_devices] 0]
INFO: [Labtools 27-3164] End of startup status: HIGH
refresh_hw_device [lindex [get_hw_devices] 0]
INFO: [Labtools 27-1434] Device xc7a35t (JTAG device index = 0) is programmed with a design that has no supported debug core(s) in it.
WARNING: [Labtools 27-3123] The debug hub core was not detected at User Scan Chain 1 or 3.
Resolution: 
1. Make sure the clock connected to the debug hub (dbg_hub) core is a free running clock and is active OR
2. Manually launch hw_server with -e "set xsdb-user-bscan <C_USER_SCAN_CHAIN scan_chain_number>" to detect the debug hub at User Scan Chain of 2 or 4. To determine the user scan chain setting, open the implemented design and use: get_property C_USER_SCAN_CHAIN [get_debug_cores dbg_hub].
set_property PROBES.FILE {} [lindex [get_hw_devices] 0]
set_property PROGRAM.FILE {F:/1___study/1___study/FPGA/The edge of the recognition/new/new/program/program/ov7725/ov7725/ov7725.runs/impl_1/design_1_wrapper.bit} [lindex [get_hw_devices] 0]
program_hw_devices [lindex [get_hw_devices] 0]
INFO: [Labtools 27-3164] End of startup status: HIGH
refresh_hw_device [lindex [get_hw_devices] 0]
INFO: [Labtools 27-1434] Device xc7a35t (JTAG device index = 0) is programmed with a design that has no supported debug core(s) in it.
WARNING: [Labtools 27-3123] The debug hub core was not detected at User Scan Chain 1 or 3.
Resolution: 
1. Make sure the clock connected to the debug hub (dbg_hub) core is a free running clock and is active OR
2. Manually launch hw_server with -e "set xsdb-user-bscan <C_USER_SCAN_CHAIN scan_chain_number>" to detect the debug hub at User Scan Chain of 2 or 4. To determine the user scan chain setting, open the implemented design and use: get_property C_USER_SCAN_CHAIN [get_debug_cores dbg_hub].
set_property PROBES.FILE {} [lindex [get_hw_devices] 0]
set_property PROGRAM.FILE {F:/1___study/1___study/FPGA/The edge of the recognition/new/new/program/program/ov7725/ov7725/ov7725.runs/impl_1/design_1_wrapper.bit} [lindex [get_hw_devices] 0]
program_hw_devices [lindex [get_hw_devices] 0]
INFO: [Labtools 27-3164] End of startup status: HIGH
refresh_hw_device [lindex [get_hw_devices] 0]
INFO: [Labtools 27-1434] Device xc7a35t (JTAG device index = 0) is programmed with a design that has no supported debug core(s) in it.
WARNING: [Labtools 27-3123] The debug hub core was not detected at User Scan Chain 1 or 3.
Resolution: 
1. Make sure the clock connected to the debug hub (dbg_hub) core is a free running clock and is active OR
2. Manually launch hw_server with -e "set xsdb-user-bscan <C_USER_SCAN_CHAIN scan_chain_number>" to detect the debug hub at User Scan Chain of 2 or 4. To determine the user scan chain setting, open the implemented design and use: get_property C_USER_SCAN_CHAIN [get_debug_cores dbg_hub].
ERROR: [Labtoolstcl 44-513] HW Target shutdown. Closing target: localhost:3121/xilinx_tcf/Digilent/210183740666A
disconnect_hw_server localhost:3121
connect_hw_server
INFO: [Labtools 27-2285] Connecting to hw_server url TCP:localhost:3121
ERROR: [Labtoolstcl 44-494] There is no active target available for server at localhost.
 Targets(s) ", jsn-Basys3-210183740666A" may be locked by another hw_server.
INFO: [Labtoolstcl 44-466] Opening hw_target localhost:3121/xilinx_tcf/Digilent/210183740666A
INFO: [Labtools 27-1434] Device xc7a35t (JTAG device index = 0) is programmed with a design that has no supported debug core(s) in it.
WARNING: [Labtools 27-3123] The debug hub core was not detected at User Scan Chain 1 or 3.
Resolution: 
1. Make sure the clock connected to the debug hub (dbg_hub) core is a free running clock and is active OR
2. Manually launch hw_server with -e "set xsdb-user-bscan <C_USER_SCAN_CHAIN scan_chain_number>" to detect the debug hub at User Scan Chain of 2 or 4. To determine the user scan chain setting, open the implemented design and use: get_property C_USER_SCAN_CHAIN [get_debug_cores dbg_hub].
disconnect_hw_server localhost:3121
INFO: [Labtools 27-2285] Connecting to hw_server url TCP:localhost:3121
disconnect_hw_server localhost:3121
connect_hw_server -url localhost:3121
INFO: [Labtools 27-2285] Connecting to hw_server url TCP:localhost:3121
current_hw_target [get_hw_targets */xilinx_tcf/Digilent/210183740666A]
set_property PARAM.FREQUENCY 15000000 [get_hw_targets */xilinx_tcf/Digilent/210183740666A]
open_hw_target
INFO: [Labtoolstcl 44-466] Opening hw_target localhost:3121/xilinx_tcf/Digilent/210183740666A
set_property PROGRAM.FILE {F:/1___study/1___study/FPGA/The edge of the recognition/new/new/program/program/ov7725/ov7725/ov7725.runs/impl_1/design_1_wrapper.bit} [lindex [get_hw_devices] 0]
current_hw_device [lindex [get_hw_devices] 0]
refresh_hw_device -update_hw_probes false [lindex [get_hw_devices] 0]
INFO: [Labtools 27-1434] Device xc7a35t (JTAG device index = 0) is programmed with a design that has no supported debug core(s) in it.
WARNING: [Labtools 27-3123] The debug hub core was not detected at User Scan Chain 1 or 3.
Resolution: 
1. Make sure the clock connected to the debug hub (dbg_hub) core is a free running clock and is active OR
2. Manually launch hw_server with -e "set xsdb-user-bscan <C_USER_SCAN_CHAIN scan_chain_number>" to detect the debug hub at User Scan Chain of 2 or 4. To determine the user scan chain setting, open the implemented design and use: get_property C_USER_SCAN_CHAIN [get_debug_cores dbg_hub].
set_property PROBES.FILE {} [lindex [get_hw_devices] 0]
set_property PROGRAM.FILE {F:/1___study/1___study/FPGA/The edge of the recognition/new/new/program/program/ov7725/ov7725/ov7725.runs/impl_1/design_1_wrapper.bit} [lindex [get_hw_devices] 0]
program_hw_devices [lindex [get_hw_devices] 0]
INFO: [Labtools 27-3164] End of startup status: HIGH
refresh_hw_device [lindex [get_hw_devices] 0]
INFO: [Labtools 27-1434] Device xc7a35t (JTAG device index = 0) is programmed with a design that has no supported debug core(s) in it.
WARNING: [Labtools 27-3123] The debug hub core was not detected at User Scan Chain 1 or 3.
Resolution: 
1. Make sure the clock connected to the debug hub (dbg_hub) core is a free running clock and is active OR
2. Manually launch hw_server with -e "set xsdb-user-bscan <C_USER_SCAN_CHAIN scan_chain_number>" to detect the debug hub at User Scan Chain of 2 or 4. To determine the user scan chain setting, open the implemented design and use: get_property C_USER_SCAN_CHAIN [get_debug_cores dbg_hub].
set_property PROBES.FILE {} [lindex [get_hw_devices] 0]
set_property PROGRAM.FILE {F:/1___study/1___study/FPGA/The edge of the recognition/new/new/program/program/ov7725/ov7725/ov7725.runs/impl_1/design_1_wrapper.bit} [lindex [get_hw_devices] 0]
program_hw_devices [lindex [get_hw_devices] 0]
INFO: [Labtools 27-3164] End of startup status: HIGH
refresh_hw_device [lindex [get_hw_devices] 0]
INFO: [Labtools 27-1434] Device xc7a35t (JTAG device index = 0) is programmed with a design that has no supported debug core(s) in it.
WARNING: [Labtools 27-3123] The debug hub core was not detected at User Scan Chain 1 or 3.
Resolution: 
1. Make sure the clock connected to the debug hub (dbg_hub) core is a free running clock and is active OR
2. Manually launch hw_server with -e "set xsdb-user-bscan <C_USER_SCAN_CHAIN scan_chain_number>" to detect the debug hub at User Scan Chain of 2 or 4. To determine the user scan chain setting, open the implemented design and use: get_property C_USER_SCAN_CHAIN [get_debug_cores dbg_hub].
ERROR: [Labtoolstcl 44-513] HW Target shutdown. Closing target: localhost:3121/xilinx_tcf/Digilent/210183740666A
INFO: [Labtoolstcl 44-466] Opening hw_target localhost:3121/xilinx_tcf/Digilent/210183740666A
INFO: [Labtools 27-1434] Device xc7a35t (JTAG device index = 0) is programmed with a design that has no supported debug core(s) in it.
WARNING: [Labtools 27-3123] The debug hub core was not detected at User Scan Chain 1 or 3.
Resolution: 
1. Make sure the clock connected to the debug hub (dbg_hub) core is a free running clock and is active OR
2. Manually launch hw_server with -e "set xsdb-user-bscan <C_USER_SCAN_CHAIN scan_chain_number>" to detect the debug hub at User Scan Chain of 2 or 4. To determine the user scan chain setting, open the implemented design and use: get_property C_USER_SCAN_CHAIN [get_debug_cores dbg_hub].
ERROR: [Labtoolstcl 44-513] HW Target shutdown. Closing target: localhost:3121/xilinx_tcf/Digilent/210183740666A
disconnect_hw_server localhost:3121
INFO: [Labtools 27-2285] Connecting to hw_server url TCP:localhost:3121
disconnect_hw_server localhost:3121
connect_hw_server -url localhost:3121
INFO: [Labtools 27-2285] Connecting to hw_server url TCP:localhost:3121
current_hw_target [get_hw_targets */xilinx_tcf/Digilent/210183740666A]
set_property PARAM.FREQUENCY 15000000 [get_hw_targets */xilinx_tcf/Digilent/210183740666A]
open_hw_target
INFO: [Labtoolstcl 44-466] Opening hw_target localhost:3121/xilinx_tcf/Digilent/210183740666A
set_property PROGRAM.FILE {F:/1___study/1___study/FPGA/The edge of the recognition/new/new/program/program/ov7725/ov7725/ov7725.runs/impl_1/design_1_wrapper.bit} [lindex [get_hw_devices] 0]
current_hw_device [lindex [get_hw_devices] 0]
refresh_hw_device -update_hw_probes false [lindex [get_hw_devices] 0]
INFO: [Labtools 27-1434] Device xc7a35t (JTAG device index = 0) is programmed with a design that has no supported debug core(s) in it.
WARNING: [Labtools 27-3123] The debug hub core was not detected at User Scan Chain 1 or 3.
Resolution: 
1. Make sure the clock connected to the debug hub (dbg_hub) core is a free running clock and is active OR
2. Manually launch hw_server with -e "set xsdb-user-bscan <C_USER_SCAN_CHAIN scan_chain_number>" to detect the debug hub at User Scan Chain of 2 or 4. To determine the user scan chain setting, open the implemented design and use: get_property C_USER_SCAN_CHAIN [get_debug_cores dbg_hub].
set_property PROBES.FILE {} [lindex [get_hw_devices] 0]
set_property PROGRAM.FILE {F:/1___study/1___study/FPGA/The edge of the recognition/new/new/program/program/ov7725/ov7725/ov7725.runs/impl_1/design_1_wrapper.bit} [lindex [get_hw_devices] 0]
program_hw_devices [lindex [get_hw_devices] 0]
INFO: [Labtools 27-3164] End of startup status: HIGH
refresh_hw_device [lindex [get_hw_devices] 0]
INFO: [Labtools 27-1434] Device xc7a35t (JTAG device index = 0) is programmed with a design that has no supported debug core(s) in it.
WARNING: [Labtools 27-3123] The debug hub core was not detected at User Scan Chain 1 or 3.
Resolution: 
1. Make sure the clock connected to the debug hub (dbg_hub) core is a free running clock and is active OR
2. Manually launch hw_server with -e "set xsdb-user-bscan <C_USER_SCAN_CHAIN scan_chain_number>" to detect the debug hub at User Scan Chain of 2 or 4. To determine the user scan chain setting, open the implemented design and use: get_property C_USER_SCAN_CHAIN [get_debug_cores dbg_hub].
close_hw
reset_run IICctrl_0_synth_1
reset_run cam_ov7670_ov7725_0_synth_1
reset_run ov7725_regData_0_synth_1
reset_run vga_0_synth_1
reset_run synth_1
launch_runs synth_1 -jobs 4
INFO: [HDL 9-2216] Analyzing Verilog file "F:/1___study/1___study/FPGA/The edge of the recognition/new/new/program/program/ov7725/ov7725/ov7725.srcs/sources_1/new/clk_divide.v" into library work [F:/1___study/1___study/FPGA/The edge of the recognition/new/new/program/program/ov7725/ov7725/ov7725.srcs/sources_1/new/clk_divide.v:1]
INFO: [HDL 9-2216] Analyzing Verilog file "F:/1___study/1___study/FPGA/The edge of the recognition/new/new/program/program/ov7725/ov7725/ov7725.srcs/sources_1/new/code_change.v" into library work [F:/1___study/1___study/FPGA/The edge of the recognition/new/new/program/program/ov7725/ov7725/ov7725.srcs/sources_1/new/code_change.v:1]
INFO: [HDL 9-2216] Analyzing Verilog file "F:/1___study/1___study/FPGA/The edge of the recognition/new/new/program/program/ov7725/ov7725/ov7725.srcs/sources_1/new/design_1.v" into library work [F:/1___study/1___study/FPGA/The edge of the recognition/new/new/program/program/ov7725/ov7725/ov7725.srcs/sources_1/new/design_1.v:1]
INFO: [HDL 9-2216] Analyzing Verilog file "F:/1___study/1___study/FPGA/The edge of the recognition/new/new/program/program/ov7725/ov7725/ov7725.srcs/sources_1/new/design_1_wrapper.v" into library work [F:/1___study/1___study/FPGA/The edge of the recognition/new/new/program/program/ov7725/ov7725/ov7725.srcs/sources_1/new/design_1_wrapper.v:1]
INFO: [HDL 9-2216] Analyzing Verilog file "F:/1___study/1___study/FPGA/The edge of the recognition/new/new/program/program/ov7725/ov7725/ov7725.srcs/sources_1/new/display_scan.v" into library work [F:/1___study/1___study/FPGA/The edge of the recognition/new/new/program/program/ov7725/ov7725/ov7725.srcs/sources_1/new/display_scan.v:1]
INFO: [HDL 9-2216] Analyzing Verilog file "F:/1___study/1___study/FPGA/The edge of the recognition/new/new/program/program/ov7725/ov7725/ov7725.srcs/sources_1/new/ram_read1.v" into library work [F:/1___study/1___study/FPGA/The edge of the recognition/new/new/program/program/ov7725/ov7725/ov7725.srcs/sources_1/new/ram_read1.v:1]
INFO: [HDL 9-2216] Analyzing Verilog file "F:/1___study/1___study/FPGA/The edge of the recognition/new/new/program/program/ov7725/ov7725/ov7725.srcs/sources_1/new/ram_read_1.v" into library work [F:/1___study/1___study/FPGA/The edge of the recognition/new/new/program/program/ov7725/ov7725/ov7725.srcs/sources_1/new/ram_read_1.v:1]
INFO: [IP_Flow 19-1686] Generating 'Synthesis' target for IP 'IICctrl_0'...
INFO: [IP_Flow 19-1686] Generating 'Synthesis' target for IP 'cam_ov7670_ov7725_0'...
INFO: [IP_Flow 19-1686] Generating 'Synthesis' target for IP 'ov7725_regData_0'...
INFO: [IP_Flow 19-1686] Generating 'Synthesis' target for IP 'vga_0'...
[Thu Dec 01 14:55:33 2016] Launched IICctrl_0_synth_1, cam_ov7670_ov7725_0_synth_1, ov7725_regData_0_synth_1, vga_0_synth_1...
Run output will be captured here:
IICctrl_0_synth_1: F:/1___study/1___study/FPGA/The edge of the recognition/new/new/program/program/ov7725/ov7725/ov7725.runs/IICctrl_0_synth_1/runme.log
cam_ov7670_ov7725_0_synth_1: F:/1___study/1___study/FPGA/The edge of the recognition/new/new/program/program/ov7725/ov7725/ov7725.runs/cam_ov7670_ov7725_0_synth_1/runme.log
ov7725_regData_0_synth_1: F:/1___study/1___study/FPGA/The edge of the recognition/new/new/program/program/ov7725/ov7725/ov7725.runs/ov7725_regData_0_synth_1/runme.log
vga_0_synth_1: F:/1___study/1___study/FPGA/The edge of the recognition/new/new/program/program/ov7725/ov7725/ov7725.runs/vga_0_synth_1/runme.log
[Thu Dec 01 14:55:33 2016] Launched synth_1...
Run output will be captured here: F:/1___study/1___study/FPGA/The edge of the recognition/new/new/program/program/ov7725/ov7725/ov7725.runs/synth_1/runme.log
launch_runs impl_1 -to_step write_bitstream -jobs 4
[Thu Dec 01 14:58:47 2016] Launched impl_1...
Run output will be captured here: F:/1___study/1___study/FPGA/The edge of the recognition/new/new/program/program/ov7725/ov7725/ov7725.runs/impl_1/runme.log
open_hw
INFO: [Labtools 27-2285] Connecting to hw_server url TCP:localhost:3121
INFO: [Labtools 27-2222] Launching hw_server...
INFO: [Labtools 27-2221] Launch Output:

****** Xilinx hw_server v2016.1
  **** Build date : Apr  8 2016-16:12:32
    ** Copyright 1986-2016 Xilinx, Inc. All Rights Reserved.


disconnect_hw_server localhost:3121
connect_hw_server -url localhost:3121
INFO: [Labtools 27-2285] Connecting to hw_server url TCP:localhost:3121
current_hw_target [get_hw_targets */xilinx_tcf/Digilent/210183740666A]
set_property PARAM.FREQUENCY 15000000 [get_hw_targets */xilinx_tcf/Digilent/210183740666A]
open_hw_target
INFO: [Labtoolstcl 44-466] Opening hw_target localhost:3121/xilinx_tcf/Digilent/210183740666A
set_property PROGRAM.FILE {F:/1___study/1___study/FPGA/The edge of the recognition/new/new/program/program/ov7725/ov7725/ov7725.runs/impl_1/design_1_wrapper.bit} [lindex [get_hw_devices] 0]
current_hw_device [lindex [get_hw_devices] 0]
refresh_hw_device -update_hw_probes false [lindex [get_hw_devices] 0]
INFO: [Labtools 27-1434] Device xc7a35t (JTAG device index = 0) is programmed with a design that has no supported debug core(s) in it.
WARNING: [Labtools 27-3123] The debug hub core was not detected at User Scan Chain 1 or 3.
Resolution: 
1. Make sure the clock connected to the debug hub (dbg_hub) core is a free running clock and is active OR
2. Manually launch hw_server with -e "set xsdb-user-bscan <C_USER_SCAN_CHAIN scan_chain_number>" to detect the debug hub at User Scan Chain of 2 or 4. To determine the user scan chain setting, open the implemented design and use: get_property C_USER_SCAN_CHAIN [get_debug_cores dbg_hub].
set_property PROBES.FILE {} [lindex [get_hw_devices] 0]
set_property PROGRAM.FILE {F:/1___study/1___study/FPGA/The edge of the recognition/new/new/program/program/ov7725/ov7725/ov7725.runs/impl_1/design_1_wrapper.bit} [lindex [get_hw_devices] 0]
program_hw_devices [lindex [get_hw_devices] 0]
INFO: [Labtools 27-3164] End of startup status: HIGH
refresh_hw_device [lindex [get_hw_devices] 0]
INFO: [Labtools 27-1434] Device xc7a35t (JTAG device index = 0) is programmed with a design that has no supported debug core(s) in it.
WARNING: [Labtools 27-3123] The debug hub core was not detected at User Scan Chain 1 or 3.
Resolution: 
1. Make sure the clock connected to the debug hub (dbg_hub) core is a free running clock and is active OR
2. Manually launch hw_server with -e "set xsdb-user-bscan <C_USER_SCAN_CHAIN scan_chain_number>" to detect the debug hub at User Scan Chain of 2 or 4. To determine the user scan chain setting, open the implemented design and use: get_property C_USER_SCAN_CHAIN [get_debug_cores dbg_hub].
ERROR: [Labtoolstcl 44-513] HW Target shutdown. Closing target: localhost:3121/xilinx_tcf/Digilent/210183740666A
reset_run synth_1
launch_runs synth_1 -jobs 4
[Thu Dec 01 15:09:58 2016] Launched synth_1...
Run output will be captured here: F:/1___study/1___study/FPGA/The edge of the recognition/new/new/program/program/ov7725/ov7725/ov7725.runs/synth_1/runme.log
launch_runs impl_1 -to_step write_bitstream -jobs 4
[Thu Dec 01 15:11:07 2016] Launched impl_1...
Run output will be captured here: F:/1___study/1___study/FPGA/The edge of the recognition/new/new/program/program/ov7725/ov7725/ov7725.runs/impl_1/runme.log
disconnect_hw_server localhost:3121
INFO: [Labtools 27-2285] Connecting to hw_server url TCP:localhost:3121
ERROR: [Labtoolstcl 44-494] There is no active target available for server at TCP:localhost:3121.
 Targets(s) ", jsn-Basys3-210183740666A" may be locked by another hw_server.
disconnect_hw_server localhost:3121
INFO: [Labtools 27-2285] Connecting to hw_server url TCP:localhost:3121
disconnect_hw_server localhost:3121
INFO: [Labtools 27-2285] Connecting to hw_server url TCP:localhost:3121
disconnect_hw_server localhost:3121
connect_hw_server -url localhost:3121
INFO: [Labtools 27-2285] Connecting to hw_server url TCP:localhost:3121
current_hw_target [get_hw_targets */xilinx_tcf/Digilent/210183740666A]
set_property PARAM.FREQUENCY 15000000 [get_hw_targets */xilinx_tcf/Digilent/210183740666A]
open_hw_target
INFO: [Labtoolstcl 44-466] Opening hw_target localhost:3121/xilinx_tcf/Digilent/210183740666A
set_property PROGRAM.FILE {F:/1___study/1___study/FPGA/The edge of the recognition/new/new/program/program/ov7725/ov7725/ov7725.runs/impl_1/design_1_wrapper.bit} [lindex [get_hw_devices] 0]
current_hw_device [lindex [get_hw_devices] 0]
refresh_hw_device -update_hw_probes false [lindex [get_hw_devices] 0]
INFO: [Labtools 27-1434] Device xc7a35t (JTAG device index = 0) is programmed with a design that has no supported debug core(s) in it.
WARNING: [Labtools 27-3123] The debug hub core was not detected at User Scan Chain 1 or 3.
Resolution: 
1. Make sure the clock connected to the debug hub (dbg_hub) core is a free running clock and is active OR
2. Manually launch hw_server with -e "set xsdb-user-bscan <C_USER_SCAN_CHAIN scan_chain_number>" to detect the debug hub at User Scan Chain of 2 or 4. To determine the user scan chain setting, open the implemented design and use: get_property C_USER_SCAN_CHAIN [get_debug_cores dbg_hub].
set_property PROBES.FILE {} [lindex [get_hw_devices] 0]
set_property PROGRAM.FILE {F:/1___study/1___study/FPGA/The edge of the recognition/new/new/program/program/ov7725/ov7725/ov7725.runs/impl_1/design_1_wrapper.bit} [lindex [get_hw_devices] 0]
program_hw_devices [lindex [get_hw_devices] 0]
INFO: [Labtools 27-3164] End of startup status: HIGH
refresh_hw_device [lindex [get_hw_devices] 0]
INFO: [Labtools 27-1434] Device xc7a35t (JTAG device index = 0) is programmed with a design that has no supported debug core(s) in it.
WARNING: [Labtools 27-3123] The debug hub core was not detected at User Scan Chain 1 or 3.
Resolution: 
1. Make sure the clock connected to the debug hub (dbg_hub) core is a free running clock and is active OR
2. Manually launch hw_server with -e "set xsdb-user-bscan <C_USER_SCAN_CHAIN scan_chain_number>" to detect the debug hub at User Scan Chain of 2 or 4. To determine the user scan chain setting, open the implemented design and use: get_property C_USER_SCAN_CHAIN [get_debug_cores dbg_hub].
ERROR: [Labtoolstcl 44-513] HW Target shutdown. Closing target: localhost:3121/xilinx_tcf/Digilent/210183740666A
INFO: [Labtoolstcl 44-466] Opening hw_target localhost:3121/xilinx_tcf/Digilent/210183740666A
INFO: [Labtools 27-1434] Device xc7a35t (JTAG device index = 0) is programmed with a design that has no supported debug core(s) in it.
WARNING: [Labtools 27-3123] The debug hub core was not detected at User Scan Chain 1 or 3.
Resolution: 
1. Make sure the clock connected to the debug hub (dbg_hub) core is a free running clock and is active OR
2. Manually launch hw_server with -e "set xsdb-user-bscan <C_USER_SCAN_CHAIN scan_chain_number>" to detect the debug hub at User Scan Chain of 2 or 4. To determine the user scan chain setting, open the implemented design and use: get_property C_USER_SCAN_CHAIN [get_debug_cores dbg_hub].
set_property PROBES.FILE {} [lindex [get_hw_devices] 0]
set_property PROGRAM.FILE {F:/1___study/1___study/FPGA/The edge of the recognition/new/new/program/program/ov7725/ov7725/ov7725.runs/impl_1/design_1_wrapper.bit} [lindex [get_hw_devices] 0]
program_hw_devices [lindex [get_hw_devices] 0]
INFO: [Labtools 27-3164] End of startup status: HIGH
refresh_hw_device [lindex [get_hw_devices] 0]
INFO: [Labtools 27-1434] Device xc7a35t (JTAG device index = 0) is programmed with a design that has no supported debug core(s) in it.
WARNING: [Labtools 27-3123] The debug hub core was not detected at User Scan Chain 1 or 3.
Resolution: 
1. Make sure the clock connected to the debug hub (dbg_hub) core is a free running clock and is active OR
2. Manually launch hw_server with -e "set xsdb-user-bscan <C_USER_SCAN_CHAIN scan_chain_number>" to detect the debug hub at User Scan Chain of 2 or 4. To determine the user scan chain setting, open the implemented design and use: get_property C_USER_SCAN_CHAIN [get_debug_cores dbg_hub].
ERROR: [Labtoolstcl 44-513] HW Target shutdown. Closing target: localhost:3121/xilinx_tcf/Digilent/210183740666A
INFO: [Labtoolstcl 44-466] Opening hw_target localhost:3121/xilinx_tcf/Digilent/210183740666A
INFO: [Labtools 27-1434] Device xc7a35t (JTAG device index = 0) is programmed with a design that has no supported debug core(s) in it.
WARNING: [Labtools 27-3123] The debug hub core was not detected at User Scan Chain 1 or 3.
Resolution: 
1. Make sure the clock connected to the debug hub (dbg_hub) core is a free running clock and is active OR
2. Manually launch hw_server with -e "set xsdb-user-bscan <C_USER_SCAN_CHAIN scan_chain_number>" to detect the debug hub at User Scan Chain of 2 or 4. To determine the user scan chain setting, open the implemented design and use: get_property C_USER_SCAN_CHAIN [get_debug_cores dbg_hub].
set_property PROBES.FILE {} [lindex [get_hw_devices] 0]
set_property PROGRAM.FILE {F:/1___study/1___study/FPGA/The edge of the recognition/new/new/program/program/ov7725/ov7725/ov7725.runs/impl_1/design_1_wrapper.bit} [lindex [get_hw_devices] 0]
program_hw_devices [lindex [get_hw_devices] 0]
INFO: [Labtools 27-3164] End of startup status: HIGH
refresh_hw_device [lindex [get_hw_devices] 0]
INFO: [Labtools 27-1434] Device xc7a35t (JTAG device index = 0) is programmed with a design that has no supported debug core(s) in it.
WARNING: [Labtools 27-3123] The debug hub core was not detected at User Scan Chain 1 or 3.
Resolution: 
1. Make sure the clock connected to the debug hub (dbg_hub) core is a free running clock and is active OR
2. Manually launch hw_server with -e "set xsdb-user-bscan <C_USER_SCAN_CHAIN scan_chain_number>" to detect the debug hub at User Scan Chain of 2 or 4. To determine the user scan chain setting, open the implemented design and use: get_property C_USER_SCAN_CHAIN [get_debug_cores dbg_hub].
ERROR: [Labtoolstcl 44-513] HW Target shutdown. Closing target: localhost:3121/xilinx_tcf/Digilent/210183740666A
INFO: [Labtoolstcl 44-466] Opening hw_target localhost:3121/xilinx_tcf/Digilent/210183740666A
INFO: [Labtools 27-1434] Device xc7a35t (JTAG device index = 0) is programmed with a design that has no supported debug core(s) in it.
WARNING: [Labtools 27-3123] The debug hub core was not detected at User Scan Chain 1 or 3.
Resolution: 
1. Make sure the clock connected to the debug hub (dbg_hub) core is a free running clock and is active OR
2. Manually launch hw_server with -e "set xsdb-user-bscan <C_USER_SCAN_CHAIN scan_chain_number>" to detect the debug hub at User Scan Chain of 2 or 4. To determine the user scan chain setting, open the implemented design and use: get_property C_USER_SCAN_CHAIN [get_debug_cores dbg_hub].
ERROR: [Labtoolstcl 44-513] HW Target shutdown. Closing target: localhost:3121/xilinx_tcf/Digilent/210183740666A
disconnect_hw_server localhost:3121
INFO: [Labtools 27-2285] Connecting to hw_server url TCP:localhost:3121
ERROR: [Labtoolstcl 44-494] There is no active target available for server at TCP:localhost:3121.
 Targets(s) ", jsn-Basys3-210183740666A" may be locked by another hw_server.
disconnect_hw_server localhost:3121
INFO: [Labtools 27-2285] Connecting to hw_server url TCP:localhost:3121
disconnect_hw_server localhost:3121
INFO: [Labtools 27-2285] Connecting to hw_server url TCP:localhost:3121
disconnect_hw_server localhost:3121
INFO: [Labtools 27-2285] Connecting to hw_server url TCP:localhost:3121
disconnect_hw_server localhost:3121
INFO: [Labtools 27-2285] Connecting to hw_server url TCP:localhost:3121
exit
INFO: [Common 17-206] Exiting Vivado at Thu Dec 01 15:22:24 2016...
